/Logical/Global.typ
/Logical/Global.var
/Logical/Libraries/Convert/Convert.fun
/Logical/Libraries/Convert
/Logical/Libraries/Runtime/runtime.var
/Logical/Libraries/Runtime/runtime.typ
/Logical/Libraries/Runtime/runtime.fun
/Logical/Libraries/Runtime
/Logical/Libraries/Operator/operator.fun
/Logical/Libraries/Operator
/Logical/Libraries/brsystem/brsystem.var
/Logical/Libraries/brsystem/brsystem.fun
/Logical/Libraries/brsystem
/Logical/Libraries/astime/astime.var
/Logical/Libraries/astime/astime.typ
/Logical/Libraries/astime/astime.fun
/Logical/Libraries/astime
/Logical/Libraries
/Logical/Main/Main.c
/Logical/Main/Main.typ
/Logical/Main/Main.var
/Logical/Main
/Logical/Test/Test.c
/Logical/Test/Test.typ
/Logical/Test/Test.var
/Logical/Test
/Physical/Config1/Hardware.hc
/Physical/Config1/PLC1/Cpu.sw
/Physical/Config1/PLC1/Cpu.per
/Physical/Config1/PLC1/IoMap.iom
/Physical/Config1/PLC1/ArConfig.rtc
/Physical/Config1/PLC1/sysconf.br
/Physical/Config1/PLC1
